[    0.000000] Initializing cgroup subsys cpuset
[    0.000000] Initializing cgroup subsys cpu
[    0.000000] Initializing cgroup subsys cpuacct
[    0.000000] Linux version 4.4.0-184-generic (buildd@lgw01-amd64-060) (gcc version 5.4.0 20160609 (Ubuntu 5.4.0-6ubuntu1~16.04.12) ) #214-Ubuntu SMP Thu Jun 4 10:14:11 UTC 2020 (Ubuntu 4.4.0-184.214-generic 4.4.223)
[    0.000000] Command line: BOOT_IMAGE=/boot/vmlinuz-4.4.0-184-generic root=LABEL=cloudimg-rootfs ro console=tty1 console=ttyS0
[    0.000000] KERNEL supported cpus:
[    0.000000]   Intel GenuineIntel
[    0.000000]   AMD AuthenticAMD
[    0.000000]   Centaur CentaurHauls
[    0.000000] x86/fpu: xstate_offset[2]:  576, xstate_sizes[2]:  256
[    0.000000] x86/fpu: Supporting XSAVE feature 0x01: 'x87 floating point registers'
[    0.000000] x86/fpu: Supporting XSAVE feature 0x02: 'SSE registers'
[    0.000000] x86/fpu: Supporting XSAVE feature 0x04: 'AVX registers'
[    0.000000] x86/fpu: Enabled xstate features 0x7, context size is 832 bytes, using 'standard' format.
[    0.000000] e820: BIOS-provided physical RAM map:
[    0.000000] BIOS-e820: [mem 0x0000000000000000-0x000000000009fbff] usable
[    0.000000] BIOS-e820: [mem 0x000000000009fc00-0x000000000009ffff] reserved
[    0.000000] BIOS-e820: [mem 0x00000000000f0000-0x00000000000fffff] reserved
[    0.000000] BIOS-e820: [mem 0x0000000000100000-0x000000007ffeffff] usable
[    0.000000] BIOS-e820: [mem 0x000000007fff0000-0x000000007fffffff] ACPI data
[    0.000000] BIOS-e820: [mem 0x00000000fec00000-0x00000000fec00fff] reserved
[    0.000000] BIOS-e820: [mem 0x00000000fee00000-0x00000000fee00fff] reserved
[    0.000000] BIOS-e820: [mem 0x00000000fffc0000-0x00000000ffffffff] reserved
[    0.000000] NX (Execute Disable) protection: active
[    0.000000] SMBIOS 2.5 present.
[    0.000000] Hypervisor detected: KVM
[    0.000000] e820: last_pfn = 0x7fff0 max_arch_pfn = 0x400000000
[    0.000000] MTRR: Disabled
[    0.000000] x86/PAT: MTRRs disabled, skipping PAT initialization too.
[    0.000000] CPU MTRRs all blank - virtualized system.
[    0.000000] x86/PAT: Configuration [0-7]: WB  WT  UC- UC  WB  WT  UC- UC  
[    0.000000] found SMP MP-table at [mem 0x0009fff0-0x0009ffff] mapped at [ffff88000009fff0]
[    0.000000] Scanning 1 areas for low memory corruption
[    0.000000] RAMDISK: [mem 0x362de000-0x37166fff]
[    0.000000] ACPI: Early table checksum verification disabled
[    0.000000] ACPI: RSDP 0x00000000000E0000 000024 (v02 VBOX  )
[    0.000000] ACPI: XSDT 0x000000007FFF0030 00003C (v01 VBOX   VBOXXSDT 00000001 ASL  00000061)
[    0.000000] ACPI: FACP 0x000000007FFF00F0 0000F4 (v04 VBOX   VBOXFACP 00000001 ASL  00000061)
[    0.000000] ACPI: DSDT 0x000000007FFF0470 002325 (v02 VBOX   VBOXBIOS 00000002 INTL 20100528)
[    0.000000] ACPI: FACS 0x000000007FFF0200 000040
[    0.000000] ACPI: FACS 0x000000007FFF0200 000040
[    0.000000] ACPI: APIC 0x000000007FFF0240 00005C (v02 VBOX   VBOXAPIC 00000001 ASL  00000061)
[    0.000000] ACPI: SSDT 0x000000007FFF02A0 0001CC (v01 VBOX   VBOXCPUT 00000002 INTL 20100528)
[    0.000000] No NUMA configuration found
[    0.000000] Faking a node at [mem 0x0000000000000000-0x000000007ffeffff]
[    0.000000] NODE_DATA(0) allocated [mem 0x7ffeb000-0x7ffeffff]
[    0.000000] kvm-clock: Using msrs 4b564d01 and 4b564d00
[    0.000000] kvm-clock: cpu 0, msr 0:7ffe3001, primary cpu clock
[    0.000000] kvm-clock: using sched offset of 25508565291 cycles
[    0.000000] clocksource: kvm-clock: mask: 0xffffffffffffffff max_cycles: 0x1cd42e4dffb, max_idle_ns: 881590591483 ns
[    0.000000] Zone ranges:
[    0.000000]   DMA      [mem 0x0000000000001000-0x0000000000ffffff]
[    0.000000]   DMA32    [mem 0x0000000001000000-0x000000007ffeffff]
[    0.000000]   Normal   empty
[    0.000000]   Device   empty
[    0.000000] Movable zone start for each node
[    0.000000] Early memory node ranges
[    0.000000]   node   0: [mem 0x0000000000001000-0x000000000009efff]
[    0.000000]   node   0: [mem 0x0000000000100000-0x000000007ffeffff]
[    0.000000] Initmem setup node 0 [mem 0x0000000000001000-0x000000007ffeffff]
[    0.000000] ACPI: PM-Timer IO Port: 0x4008
[    0.000000] IOAPIC[0]: apic_id 2, version 32, address 0xfec00000, GSI 0-23
[    0.000000] ACPI: INT_SRC_OVR (bus 0 bus_irq 0 global_irq 2 dfl dfl)
[    0.000000] ACPI: INT_SRC_OVR (bus 0 bus_irq 9 global_irq 9 low level)
[    0.000000] Using ACPI (MADT) for SMP configuration information
[    0.000000] smpboot: Allowing 2 CPUs, 0 hotplug CPUs
[    0.000000] PM: Registered nosave memory: [mem 0x00000000-0x00000fff]
[    0.000000] PM: Registered nosave memory: [mem 0x0009f000-0x0009ffff]
[    0.000000] PM: Registered nosave memory: [mem 0x000a0000-0x000effff]
[    0.000000] PM: Registered nosave memory: [mem 0x000f0000-0x000fffff]
[    0.000000] e820: [mem 0x80000000-0xfebfffff] available for PCI devices
[    0.000000] Booting paravirtualized kernel on KVM
[    0.000000] clocksource: refined-jiffies: mask: 0xffffffff max_cycles: 0xffffffff, max_idle_ns: 7645519600211568 ns
[    0.000000] setup_percpu: NR_CPUS:512 nr_cpumask_bits:512 nr_cpu_ids:2 nr_node_ids:1
[    0.000000] PERCPU: Embedded 33 pages/cpu @ffff88007fc00000 s95448 r8192 d31528 u1048576
[    0.000000] Built 1 zonelists in Node order, mobility grouping on.  Total pages: 515960
[    0.000000] Policy zone: DMA32
[    0.000000] Kernel command line: BOOT_IMAGE=/boot/vmlinuz-4.4.0-184-generic root=LABEL=cloudimg-rootfs ro console=tty1 console=ttyS0
[    0.000000] PID hash table entries: 4096 (order: 3, 32768 bytes)
[    0.000000] Memory: 2029856K/2096696K available (8632K kernel code, 1336K rwdata, 4036K rodata, 1492K init, 1292K bss, 66840K reserved, 0K cma-reserved)
[    0.000000] SLUB: HWalign=64, Order=0-3, MinObjects=0, CPUs=2, Nodes=1
[    0.000000] Kernel/User page tables isolation: enabled
[    0.000000] Hierarchical RCU implementation.
[    0.000000] 	Build-time adjustment of leaf fanout to 64.
[    0.000000] 	RCU restricting CPUs from NR_CPUS=512 to nr_cpu_ids=2.
[    0.000000] RCU: Adjusting geometry for rcu_fanout_leaf=64, nr_cpu_ids=2
[    0.000000] NR_IRQS:33024 nr_irqs:440 16
[    0.000000] Console: colour VGA+ 80x25
[    0.000000] console [tty1] enabled
[    0.000000] console [ttyS0] enabled
[    0.000000] tsc: Detected 1992.004 MHz processor
[    7.328884] Calibrating delay loop (skipped) preset value.. 3984.00 BogoMIPS (lpj=7968016)
[    7.422119] pid_max: default: 32768 minimum: 301
[    7.471637] ACPI: Core revision 20150930
[    7.522947] ACPI: 2 ACPI AML tables successfully acquired and loaded
[    7.602815] Security Framework initialized
[    7.646002] Yama: becoming mindful.
[    7.696527] AppArmor: AppArmor initialized
[    7.748115] Dentry cache hash table entries: 262144 (order: 9, 2097152 bytes)
[    7.819530] Inode-cache hash table entries: 131072 (order: 8, 1048576 bytes)
[    7.896486] Mount-cache hash table entries: 4096 (order: 3, 32768 bytes)
[    7.957538] Mountpoint-cache hash table entries: 4096 (order: 3, 32768 bytes)
[    8.026664] Initializing cgroup subsys io
[    8.069735] Initializing cgroup subsys memory
[    8.119681] Initializing cgroup subsys devices
[    8.169572] Initializing cgroup subsys freezer
[    8.226130] Initializing cgroup subsys net_cls
[    8.291168] Initializing cgroup subsys perf_event
[    8.405281] Initializing cgroup subsys net_prio
[    8.469638] Initializing cgroup subsys hugetlb
[    8.523321] Initializing cgroup subsys pids
[    8.577918] mce: CPU supports 0 MCE banks
[    8.644256] Last level iTLB entries: 4KB 64, 2MB 8, 4MB 8
[    8.740241] Last level dTLB entries: 4KB 64, 2MB 0, 4MB 0, 1GB 4
[    8.808105] Spectre V1 : Mitigation: usercopy/swapgs barriers and __user pointer sanitization
[    8.910486] Spectre V2 : Mitigation: Full generic retpoline
[    8.988263] Spectre V2 : Spectre v2 / SpectreRSB mitigation: Filling RSB on context switch
[    9.098087] Speculative Store Bypass: Vulnerable
[    9.147479] SRBDS: Unknown: Dependent on hypervisor status
[    9.206703] MDS: Vulnerable: Clear CPU buffers attempted, no microcode
[    9.477118] Freeing SMP alternatives memory: 36K
[   10.017157] ftrace: allocating 32319 entries in 127 pages
[   12.925695] smpboot: APIC(0) Converting physical 0 to logical package 0
[   12.992248] smpboot: Max logical packages: 1
[   13.049865] x2apic enabled
[   13.097472] Switched APIC routing to physical x2apic.
[   13.215871] ..TIMER: vector=0x30 apic1=0 pin1=2 apic2=-1 pin2=-1
[   13.398365] smpboot: CPU0: Intel(R) Core(TM) i3-6006U CPU @ 2.00GHz (family: 0x6, model: 0x4e, stepping: 0x3)
[   13.525831] Performance Events: unsupported p6 CPU model 78 no PMU driver, software events only.
[   14.006932] KVM setup paravirtual spinlock
[   14.055635] x86: Booting SMP configuration:
[   14.092219] .... node  #0, CPUs:      #1
[   14.128359] kvm-clock: cpu 1, msr 0:7ffe3041, secondary cpu clock
[   14.180448] mce: CPU supports 0 MCE banks
[   14.215841] x86: Booted up 1 node, 2 CPUs
[   14.266192] smpboot: Total of 2 processors activated (7968.01 BogoMIPS)
[   14.352881] devtmpfs: initialized
[   14.401632] evm: security.selinux
[   14.441619] evm: security.SMACK64
[   14.475837] evm: security.SMACK64EXEC
[   14.518408] evm: security.SMACK64TRANSMUTE
[   14.562779] evm: security.SMACK64MMAP
[   14.602063] evm: security.ima
[   14.642219] evm: security.capability
[   14.686452] clocksource: jiffies: mask: 0xffffffff max_cycles: 0xffffffff, max_idle_ns: 7645041785100000 ns
[   14.768275] futex hash table entries: 512 (order: 3, 32768 bytes)
[   14.828455] pinctrl core: initialized pinctrl subsystem
[   14.876075] RTC time:  6:52:50, date: 06/18/20
[   14.923285] NET: Registered protocol family 16
[   14.978207] cpuidle: using governor ladder
[   15.047905] cpuidle: using governor menu
[   15.102997] PCCT header not found.
[   15.155135] ACPI: bus type PCI registered
[   15.204977] acpiphp: ACPI Hot Plug PCI Controller Driver version: 0.5
[   15.268375] PCI: Using configuration type 1 for base access
[   15.339181] ACPI: Added _OSI(Module Device)
[   15.384296] ACPI: Added _OSI(Processor Device)
[   15.441136] ACPI: Added _OSI(3.0 _SCP Extensions)
[   15.499989] ACPI: Added _OSI(Processor Aggregator Device)
[   15.561674] ACPI: Executed 1 blocks of module-level executable AML code
[   15.649437] ACPI: Interpreter enabled
[   15.686383] ACPI: (supports S0 S5)
[   15.721821] ACPI: Using IOAPIC for interrupt routing
[   15.771506] PCI: Using host bridge windows from ACPI; if necessary, use "pci=nocrs" and report a bug
[   15.937160] ACPI: PCI Root Bridge [PCI0] (domain 0000 [bus 00-ff])
[   15.996728] acpi PNP0A03:00: _OSC: OS supports [ASPM ClockPM Segments MSI]
[   16.058691] acpi PNP0A03:00: _OSC: not requesting OS control; OS requires [ExtendedConfig ASPM ClockPM MSI]
[   16.153027] acpi PNP0A03:00: fail to add MMCONFIG information, can't access extended PCI configuration space under this bridge.
[   16.277006] PCI host bridge to bus 0000:00
[   16.343894] pci_bus 0000:00: root bus resource [io  0x0000-0x0cf7 window]
[   16.422912] pci_bus 0000:00: root bus resource [io  0x0d00-0xffff window]
[   16.495062] pci_bus 0000:00: root bus resource [mem 0x000a0000-0x000bffff window]
[   16.570813] pci_bus 0000:00: root bus resource [mem 0x80000000-0xfdffffff window]
[   16.651176] pci_bus 0000:00: root bus resource [bus 00-ff]
[   16.810759] pci 0000:00:01.1: legacy IDE quirk: reg 0x10: [io  0x01f0-0x01f7]
[   16.880972] pci 0000:00:01.1: legacy IDE quirk: reg 0x14: [io  0x03f6]
[   16.941483] pci 0000:00:01.1: legacy IDE quirk: reg 0x18: [io  0x0170-0x0177]
[   17.483813] pci 0000:00:01.1: legacy IDE quirk: reg 0x1c: [io  0x0376]
[   17.919588] pci 0000:00:07.0: quirk: [io  0x4000-0x403f] claimed by PIIX4 ACPI
[   17.999510] pci 0000:00:07.0: quirk: [io  0x4100-0x410f] claimed by PIIX4 SMB
[   18.259579] ACPI: PCI Interrupt Link [LNKA] (IRQs 5 9 10 *11)
[   18.354525] ACPI: PCI Interrupt Link [LNKB] (IRQs 5 9 *10 11)
[   18.443041] ACPI: PCI Interrupt Link [LNKC] (IRQs 5 *9 10 11)
[   18.527001] ACPI: PCI Interrupt Link [LNKD] (IRQs 5 9 10 *11)
[   18.613741] ACPI: Enabled 2 GPEs in block 00 to 07
[   18.678483] vgaarb: setting as boot device: PCI:0000:00:02.0
[   18.736445] vgaarb: device added: PCI:0000:00:02.0,decodes=io+mem,owns=io+mem,locks=none
[   18.830795] vgaarb: loaded
[   18.865181] vgaarb: bridge control possible 0000:00:02.0
[   18.918593] SCSI subsystem initialized
[   18.967751] ACPI: bus type USB registered
[   19.019146] usbcore: registered new interface driver usbfs
[   19.103176] usbcore: registered new interface driver hub
[   19.168162] usbcore: registered new device driver usb
[   19.220125] PCI: Using ACPI for IRQ routing
[   19.275693] NetLabel: Initializing
[   19.316783] NetLabel:  domain hash size = 128
[   19.361099] NetLabel:  protocols = UNLABELED CIPSOv4
[   19.417542] NetLabel:  unlabeled traffic allowed by default
[   19.469621] amd_nb: Cannot enumerate AMD northbridges
[   19.521889] clocksource: Switched to clocksource kvm-clock
[   19.608101] AppArmor: AppArmor Filesystem Enabled
[   19.655851] pnp: PnP ACPI init
[   19.710728] pnp: PnP ACPI: found 3 devices
[   19.771983] clocksource: acpi_pm: mask: 0xffffff max_cycles: 0xffffff, max_idle_ns: 2085701024 ns
[   19.865810] NET: Registered protocol family 2
[   19.908443] TCP established hash table entries: 16384 (order: 5, 131072 bytes)
[   19.976815] TCP bind hash table entries: 16384 (order: 6, 262144 bytes)
[   20.032688] TCP: Hash tables configured (established 16384 bind 16384)
[   20.091034] UDP hash table entries: 1024 (order: 3, 32768 bytes)
[   20.142352] UDP-Lite hash table entries: 1024 (order: 3, 32768 bytes)
[   20.201295] NET: Registered protocol family 1
[   20.256773] pci 0000:00:00.0: Limiting direct PCI/PCI transfers
[   20.357393] pci 0000:00:01.0: Activating ISA DMA hang workarounds
[   20.446528] Unpacking initramfs...
[   21.298621] Freeing initrd memory: 14884K
[   21.344052] clocksource: tsc: mask: 0xffffffffffffffff max_cycles: 0x396d59a56c3, max_idle_ns: 881590573781 ns
[   21.464747] platform rtc_cmos: registered platform RTC device (no PNP device found)
[   21.560783] Scanning for low memory corruption every 60 seconds
[   21.647363] audit: initializing netlink subsys (disabled)
[   21.715877] audit: type=2000 audit(1592463189.489:1): initialized
[   21.783437] Initialise system trusted keyring
[   21.838968] HugeTLB registered 2 MB page size, pre-allocated 0 pages
[   21.906405] zbud: loaded
[   21.937812] VFS: Disk quotas dquot_6.6.0
[   21.976510] VFS: Dquot-cache hash table entries: 512 (order 0, 4096 bytes)
[   22.034842] squashfs: version 4.0 (2009/01/31) Phillip Lougher
[   22.089294] fuse init (API version 7.23)
[   22.131413] Key type big_key registered
[   22.170713] Allocating IMA MOK and blacklist keyrings.
[   22.241434] Key type asymmetric registered
[   22.279829] Asymmetric key parser 'x509' registered
[   22.328529] Block layer SCSI generic (bsg) driver version 0.4 loaded (major 249)
[   22.404565] io scheduler noop registered
[   22.445045] io scheduler deadline registered (default)
[   22.511995] io scheduler cfq registered
[   22.557986] pci_hotplug: PCI Hot Plug PCI Core version: 0.5
[   22.622518] pciehp: PCI Express Hot Plug Controller Driver version: 0.4
[   22.695610] ACPI: AC Adapter [AC] (on-line)
[   22.737582] input: Power Button as /devices/LNXSYSTM:00/LNXPWRBN:00/input/input0
[   22.831276] ACPI: Power Button [PWRF]
[   22.887829] input: Sleep Button as /devices/LNXSYSTM:00/LNXSLPBN:00/input/input1
[   22.999160] ACPI: Sleep Button [SLPF]
[   23.054389] GHES: HEST is not enabled!
[   23.107388] Serial: 8250/16550 driver, 32 ports, IRQ sharing enabled
[   23.116739] ACPI: Battery Slot [BAT0] (battery present)
[   23.355761] 00:02: ttyS0 at I/O 0x3f8 (irq = 4, base_baud = 115200) is a 16550A
[   23.444587] Linux agpgart interface v0.103
[   23.502777] loop: module loaded
[   23.547696] scsi host0: ata_piix
[   23.602721] scsi host1: ata_piix
[   23.640247] ata1: PATA max UDMA/33 cmd 0x1f0 ctl 0x3f6 bmdma 0xd000 irq 14
[   23.721650] ata2: PATA max UDMA/33 cmd 0x170 ctl 0x376 bmdma 0xd008 irq 15
[   23.812349] libphy: Fixed MDIO Bus: probed
[   23.855354] tun: Universal TUN/TAP device driver, 1.6
[   23.915485] tun: (C) 1999-2004 Max Krasnyansky <maxk@qualcomm.com>
[   23.974719] PPP generic driver version 2.4.2
[   24.021917] ehci_hcd: USB 2.0 'Enhanced' Host Controller (EHCI) Driver
[   24.081461] ehci-pci: EHCI PCI platform driver
[   24.132162] ehci-platform: EHCI generic platform driver
[   24.196123] ohci_hcd: USB 1.1 'Open' Host Controller (OHCI) Driver
[   24.265812] ohci-pci: OHCI PCI platform driver
[   24.312597] ohci-platform: OHCI generic platform driver
[   24.387755] uhci_hcd: USB Universal Host Controller Interface driver
[   24.474828] i8042: PNP: PS/2 Controller [PNP0303:PS2K,PNP0f03:PS2M] at 0x60,0x64 irq 1,12
[   24.609049] serio: i8042 KBD port at 0x60,0x64 irq 1
[   24.681925] serio: i8042 AUX port at 0x60,0x64 irq 12
[   24.725399] mousedev: PS/2 mouse device common for all mice
[   24.812626] rtc_cmos rtc_cmos: rtc core: registered rtc_cmos as rtc0
[   24.888507] input: AT Translated Set 2 keyboard as /devices/platform/i8042/serio0/input/input2
[   24.968423] rtc_cmos rtc_cmos: alarms up to one day, 114 bytes nvram
[   24.968452] i2c /dev entries driver
[   24.968873] device-mapper: uevent: version 1.0.3
[   25.031247] device-mapper: ioctl: 4.34.0-ioctl (2015-10-28) initialised: dm-devel@redhat.com
[   25.031292] ledtrig-cpu: registered to indicate activity on CPUs
[   25.032133] NET: Registered protocol family 10
[   25.032883] NET: Registered protocol family 17
[   25.032901] Key type dns_resolver registered
[   25.033732] registered taskstats version 1
[   25.033758] Loading compiled-in X.509 certificates
[   25.035689] Loaded X.509 cert 'Build time autogenerated kernel key: b6ae09eed57f82583ccd3c65c463e852cdd7a0b5'
[   25.035742] zswap: loaded using pool lzo/zbud
[   25.042581] Key type trusted registered
[   25.056303] Key type encrypted registered
[   25.056313] AppArmor: AppArmor sha1 policy hashing enabled
[   25.056318] ima: No TPM chip found, activating TPM-bypass!
[   25.056328] ima: Allocated hash algorithm: sha1
[   25.056354] evm: HMAC attrs: 0x1
[   25.064781]   Magic number: 8:326:873
[   25.072996] rtc_cmos rtc_cmos: setting system clock to 2020-06-18 06:53:00 UTC (1592463180)
[   25.073196] BIOS EDD facility v0.16 2004-Jun-25, 0 devices found
[   25.073197] EDD information not available.
[   26.229185] Freeing unused kernel memory: 1492K
[   26.286837] Write protecting the kernel read-only data: 14336k
[   26.368063] Freeing unused kernel memory: 1596K
[   26.419776] Freeing unused kernel memory: 60K
Loading, please wait...
starting version[   26.545510] random: udevadm: uninitialized urandom read (16 bytes read, 12 bits of entropy available)
 229
[   26.601224] random: systemd-udevd: uninitialized urandom read (16 bytes read, 12 bits of entropy available)
[   26.601363] random: systemd-udevd: uninitialized urandom read (16 bytes read, 12 bits of entropy available)
[   26.601393] random: systemd-udevd: uninitialized urandom read (16 bytes read, 12 bits of entropy available)
[   26.601431] random: systemd-udevd: uninitialized urandom read (16 bytes read, 12 bits of entropy available)
[   27.015153] random: udevadm: uninitialized urandom read (16 bytes read, 12 bits of entropy available)
[   27.154209] random: systemd-udevd: uninitialized urandom read (16 bytes read, 12 bits of entropy available)
[   27.174833] random: udevadm: uninitialized urandom read (16 bytes read, 12 bits of entropy available)
[   27.174919] random: udevadm: uninitialized urandom read (16 bytes read, 12 bits of entropy available)
[   27.175421] random: udevadm: uninitialized urandom read (16 bytes read, 12 bits of entropy available)
[   27.690738] e1000: Intel(R) PRO/1000 Network Driver - version 7.3.21-k8-NAPI
[   27.757110] e1000: Copyright (c) 1999-2006 Intel Corporation.
[   28.042967] AVX2 version of gcm_enc/dec engaged.
[   28.102991] AES CTR mode by8 optimization enabled
[   28.158035] Fusion MPT base driver 3.04.20
[   28.202974] Copyright (c) 1999-2008 LSI Corporation
[   28.301364] Fusion MPT SPI Host driver 3.04.20
[   28.857240] input: ImExPS/2 Generic Explorer Mouse as /devices/platform/i8042/serio1/input/input4
[   32.551340] e1000 0000:00:03.0 eth0: (PCI:33MHz:32-bit) 02:da:92:60:70:7f
[   32.637383] e1000 0000:00:03.0 eth0: Intel(R) PRO/1000 Network Connection
[   32.764894] mptbase: ioc0: Initiating bringup
[   34.180256] ioc0: LSI53C1030 A0: Capabilities={Initiator}
[   36.489310] scsi host2: ioc0: LSI53C1030 A0, FwRev=00000000h, Ports=1, MaxQ=256, IRQ=20
[   38.018637] scsi 2:0:0:0: Direct-Access     VBOX     HARDDISK         1.0  PQ: 0 ANSI: 5
[   38.109127] scsi target2:0:0: Beginning Domain Validation
[   38.208601] scsi target2:0:0: Domain Validation skipping write tests
[   38.280954] scsi target2:0:0: Ending Domain Validation
[   38.349198] scsi target2:0:0: asynchronous
[   38.429571] scsi 2:0:1:0: Direct-Access     VBOX     HARDDISK         1.0  PQ: 0 ANSI: 5
[   38.557610] scsi target2:0:1: Beginning Domain Validation
[   38.637667] scsi target2:0:1: Domain Validation skipping write tests
[   38.712537] scsi target2:0:1: Ending Domain Validation
[   39.551585] scsi target2:0:1: asynchronous
[   39.652039] sd 2:0:0:0: [sda] 20971520 512-byte logical blocks: (10.7 GB/10.0 GiB)
[   39.790678] sd 2:0:0:0: Attached scsi generic sg0 type 0
[   39.875302] sd 2:0:1:0: Attached scsi generic sg1 type 0
[   39.946890] sd 2:0:1:0: [sdb] 20480 512-byte logical blocks: (10.5 MB/10.0 MiB)
[   40.054949] sd 2:0:0:0: [sda] Write Protect is off
[   40.103097] sd 2:0:0:0: [sda] Incomplete mode parameter data
[   40.181068] sd 2:0:0:0: [sda] Assuming drive cache: write through
[   40.275580] sd 2:0:1:0: [sdb] Write Protect is off
[   40.353086] sd 2:0:1:0: [sdb] Incomplete mode parameter data
[   40.445775] sd 2:0:1:0: [sdb] Assuming drive cache: write through
[   40.569521]  sda: sda1
[   40.641669] sd 2:0:0:0: [sda] Attached SCSI disk
[   41.234684] sd 2:0:1:0: [sdb] Attached SCSI disk
[   43.428453] e1000 0000:00:08.0 eth1: (PCI:33MHz:32-bit) 08:00:27:a3:f0:de
[   43.490256] e1000 0000:00:08.0 eth1: Intel(R) PRO/1000 Network Connection
[   43.575950] e1000 0000:00:08.0 enp0s8: renamed from eth1
[   43.656413] e1000 0000:00:03.0 enp0s3: renamed from eth0
Begin: Loading essential drivers ... [   60.777385] md: linear personality registered for level -1
[   60.918960] md: multipath personality registered for level -4
[   61.019155] md: raid0 personality registered for level 0
[   61.193556] md: raid1 personality registered for level 1
[   61.346113] raid6: sse2x1   gen()  1791 MB/s
[   61.482940] raid6: sse2x1   xor()  1592 MB/s
[   61.595367] raid6: sse2x2   gen()  3095 MB/s
[   61.715542] raid6: sse2x2   xor()  1752 MB/s
[   61.840861] raid6: sse2x4   gen()  2018 MB/s
[   61.963382] raid6: sse2x4   xor()  2181 MB/s
[   62.087036] raid6: avx2x1   gen()  4377 MB/s
[   62.207233] raid6: avx2x2   gen()  4849 MB/s
[   62.323077] raid6: avx2x4   gen()  5164 MB/s
[   62.399811] raid6: using algorithm avx2x4 gen() 5164 MB/s
[   62.461376] raid6: using avx2x2 recovery algorithm
[   62.538167] xor: automatically using best checksumming function:
[   62.647064]    avx       :  7944.000 MB/sec
[   62.747816] async_tx: api initialized (async)
[   63.034370] md: raid6 personality registered for level 6
[   63.097552] md: raid5 personality registered for level 5
[   63.174376] md: raid4 personality registered for level 4
[   63.322715] md: raid10 personality registered for level 10
done.
Begin: Running /scripts/init-premount ... done.
Begin: Mounting root file system ... Begin: Running /scripts/local-top ... done.
Begin: Running /scripts/local-premount ... [   63.857207] Btrfs loaded
Scanning for Btrfs filesystems
[   64.277447] random: nonblocking pool is initialized
done.
Warning: fsck not present, so skipping root file system
[   64.637922] EXT4-fs (sda1): mounted filesystem with ordered data mode. Opts: (null)
done.
Begin: Running /scripts/local-bottom ... done.
Begin: Running /scripts/init-bottom ... done.
[   66.772166] systemd[1]: systemd 229 running in system mode. (+PAM +AUDIT +SELINUX +IMA +APPARMOR +SMACK +SYSVINIT +UTMP +LIBCRYPTSETUP +GCRYPT +GNUTLS +ACL +XZ -LZ4 +SECCOMP +BLKID +ELFUTILS +KMOD -IDN)
[   67.025306] systemd[1]: Detected virtualization oracle.
[   67.088865] systemd[1]: Detected architecture x86-64.

Welcome to [1mUbuntu 16.04.6 LTS[0m!

[   67.267819] systemd[1]: Set hostname to <ubuntu>.
[   67.436376] systemd[1]: Initializing machine ID from random generator.
[   67.499675] systemd[1]: Installed transient /etc/machine-id file.
[   69.615763] systemd[1]: Listening on Device-mapper event daemon FIFOs.
[[0;32m  OK  [0m] Listening on Device-mapper event daemon FIFOs.
[   69.716553] systemd[1]: Reached target Swap.
[[0;32m  OK  [0m] Reached target Swap.
[   69.789661] systemd[1]: Created slice User and Session Slice.
[[0;32m  OK  [0m] Created slice User and Session Slice.
[   69.905505] systemd[1]: Reached target System Time Synchronized.
[[0;32m  OK  [0m] Reached target System Time Synchronized.
[   69.995505] systemd[1]: Listening on LVM2 metadata daemon socket.
[[0;32m  OK  [0m] Listening on LVM2 metadata daemon socket.
[   70.082019] systemd[1]: Listening on Journal Socket (/dev/log).
[[0;32m  OK  [0m] Listening on Journal Socket (/dev/log).
[   70.167297] systemd[1]: Listening on /dev/initctl Compatibility Named Pipe.
[[0;32m  OK  [0m] Listening on /dev/initctl Compatibility Named Pipe.
[   70.267438] systemd[1]: Listening on Journal Socket.
[[0;32m  OK  [0m] Listening on Journal Socket.
[   70.364077] systemd[1]: Listening on Syslog Socket.
[[0;32m  OK  [0m] Listening on Syslog Socket.
[   70.449927] systemd[1]: Started Trigger resolvconf update for networkd DNS.
[[0;32m  OK  [0m] Started Trigger resolvconf update for networkd DNS.
[   70.545137] systemd[1]: Listening on Journal Audit Socket.
[[0;32m  OK  [0m] Listening on Journal Audit Socket.
[   70.637512] systemd[1]: Reached target User and Group Name Lookups.
[[0;32m  OK  [0m] Reached target User and Group Name Lookups.
[   70.735539] systemd[1]: Listening on LVM2 poll daemon socket.
[[0;32m  OK  [0m] Listening on LVM2 poll daemon socket.
[   70.843162] systemd[1]: Created slice System Slice.
[[0;32m  OK  [0m] Created slice System Slice.
[   70.943480] systemd[1]: Starting Journal Service...
         Starting Journal Service...
[   71.035637] systemd[1]: Starting Set console keymap...
         Starting Set console keymap...
[   71.124161] systemd[1]: Mounting Debug File System...
         Mounting Debug File System...
[   71.219220] systemd[1]: Reached target Slices.
[[0;32m  OK  [0m] Reached target Slices.
[   71.296815] systemd[1]: Mounting POSIX Message Queue File System...
         Mounting POSIX Message Queue File System...
[   71.399894] systemd[1]: Starting Remount Root and Kernel File Systems...
[   71.505473] EXT4-fs (sda1): re-mounted. Opts: (null)
         Starting Remount Root and Kernel File Systems...
[   71.622510] systemd[1]: Starting Create list of required static device nodes for the current kernel...
         Starting Create list of required st... nodes for the current kernel...
[   71.890185] systemd[1]: Starting Uncomplicated firewall...
         Starting Uncomplicated firewall...
[   72.012320] systemd[1]: Listening on udev Kernel Socket.
[[0;32m  OK  [0m] Listening on udev Kernel Socket.
[   72.167543] systemd[1]: Starting Load Kernel Modules...
         Starting Load Kernel Modules...
[   72.290206] systemd[1]: Set up automount Arbitrary Executable File Formats File System Automount Point.
[[0;32m  OK  [0m] Set up automount Arbitrary Executab...ats File System Automount Point.
[   72.540685] Loading iSCSI transport class v2.0-870.
[   72.558723] systemd[1]: Started Forward Password Requests to Wall Directory Watch.
[[0;32m  OK  [0m] Started Forward Password Requests to Wall Directory Watch.
[   72.766224] systemd[1]: Mounting Huge Pages File System...
         Mounting Huge Pages File System...
[   72.877803] systemd[1]: Starting Monitoring of LVM2 mirrors, snapshots etc. using dmeventd or progress polling...
[   72.985986] iscsi: registered transport (tcp)
         Starting Monitoring of LVM2 mirrors... dmeventd or progress polling...
[   73.091279] systemd[1]: Reached target Encrypted Volumes.
[[0;32m  OK  [0m] Reached target Encrypted Volumes.
[   73.212453] systemd[1]: Listening on udev Control Socket.
[[0;32m  OK  [0m] Listening on udev Control Socket.
[   73.351625] systemd[1]: Starting Nameserver information manager...
         Starting Nameserver information manager...
[   73.464331] systemd[1]: Created slice system-serial\x2dgetty.slice.
[[0;32m  OK  [0m] Created slice system-serial\x2dgetty.slice.
[   73.587374] systemd[1]: Mounted Debug File System.
[[0;32m  OK  [0m] Mounted Debug File System.
[   73.670812] systemd[1]: Mounted POSIX Message Queue File System.
[[0;32m  OK  [0m] Mounted POSIX Message Queue File System.
[   73.809804] systemd[1]: Mounted Huge Pages File System.
[[0;32m  OK  [0m] Mounted Huge Pages File System.
[   73.934922] systemd[1]: Started Journal Service.
[[0;32m  OK  [0m] Started Journal Service.
[[0;32m  OK  [0m] Started Set console keymap.
[[0;32m  OK  [0m] Started Remount Root and Kernel File Systems.
[[0;32m  OK  [0m] Started Create list of required sta...ce nodes for the current kernel.
[[0;32m  OK  [0m] Started Uncomplicated firewall.
[[0;32m  OK  [0m] Started LVM2 metadata daemon.
         Starting Create Static Device Nodes in /dev...
         Starting udev Coldplug all Devices...
[   74.483049] iscsi: registered transport (iser)
         Starting Load/Save Random Seed...
         Starting Flush Journal to Persistent Storage...
[[0;32m  OK  [0m] Started Load Kernel Modules.
[[0;32m  OK  [0m] Started Nameserver information manager.
         Starting Apply Kernel Variables...
         Mounting FUSE Control File System...
[[0;32m  OK  [0m] Mounted FUSE Control File System.
[[0;32m  OK  [0m] Started Monitoring of LVM2 mirrors,...ng dmeventd or progress polling.
[[0;32m  OK  [0m] Started Load/Save Random Seed.
[[0;32m  OK  [0m] Started udev Coldplug all Devices.
[   75.287720] systemd-journald[374]: Received request to flush runtime journal from PID 1
[[0;32m  OK  [0m] Started Flush Journal to Persistent Storage.
[[0;32m  OK  [0m] Started Apply Kernel Variables.
[[0;32m  OK  [0m] Started Create Static Device Nodes in /dev.
[[0;32m  OK  [0m] Reached target Local File Systems (Pre).
[[0;32m  OK  [0m] Reached target Local File Systems.
         Starting LSB: AppArmor initialization...
         Starting Create Volatile Files and Directories...
         Starting Set console font and keymap...
         Starting Initial cloud-init job (pre-networking)...
         Starting Tell Plymouth To Write Out Runtime Data...
         Starting Commit a transient machine-id on disk...
         Starting udev Kernel Device Manager...
[[0;32m  OK  [0m] Started Create Volatile Files and Directories.
         Starting Update UTMP about System Boot/Shutdown...
[[0;32m  OK  [0m] Started Tell Plymouth To Write Out Runtime Data.
[[0;32m  OK  [0m] Started Update UTMP about System Boot/Shutdown.
[[0;32m  OK  [0m] Started Commit a transient machine-id on disk.
[[0;32m  OK  [0m] Started udev Kernel Device Manager.
[[0;32m  OK  [0m] Found device /dev/ttyS0.
[[0;32m  OK  [0m] Started LSB: AppArmor initialization.
[[0;32m  OK  [0m] Listening on Load/Save RF Kill Switch Status /dev/rfkill Watch.
[[0;32m  OK  [0m] Started Dispatch Password Requests to Console Directory Watch.
[   81.149462] cloud-init[[0;32m  OK  [0m] Started Initial cloud-init job (pre-networking).
[477]: Cloud-init v. 19.4-33-gbb4131a2-0ubuntu1~16.04.1 running 'init-local' at Thu, 18 Jun 2020 06:54:09 +0000. Up 79.31 seconds.
[[0;32m  OK  [0m] Reached target Network (Pre).
         Starting Raise network interfaces...
[[0;32m  OK  [0m] Started Set console font and keymap.
[[0;32m  OK  [0m] Created slice system-getty.slice.
[[0;32m  OK  [0m] Started Raise network interfaces.
[[0;32m  OK  [0m] Reached target Network.
         Starting Initial cloud-init job (metadata service crawler)...
[  118.526672] cloud-init[966]: Cloud-init v. 19.4-33-gbb4131a2-0ubuntu1~16.04.1 running 'init' at Thu, 18 Jun 2020 06:54:43 +0000. Up 113.84 seconds.
[  118.634638] cloud-init[966]: ci-info: ++++++++++++++++++++++++++++++++++++++Net device info+++++++++++++++++++++++++++++++++++++++
[  118.733633] cloud-init[966]: ci-info: +--------+-------+----------------------------+---------------+--------+-------------------+
[  118.824479] cloud-init[966]: ci-info: | Device |   Up  |          Address           |      Mask     | Scope  |     Hw-Address    |
[  118.898982] cloud-init[966]: ci-info: +--------+-------+----------------------------+---------------+--------+-------------------+
[  118.970899] cloud-init[966]: ci-info: | enp0s3 |  True |         10.0.2.15          | 255.255.255.0 | global | 02:da:92:60:70:7f |
[  119.073054] cloud-init[966]: ci-info: | enp0s3 |  True | fe80::da:92ff:fe60:707f/64 |       .       |  link  | 02:da:92:60:70:7f |[[0;32m  OK  [0m] 
[  119.207611] cloud-initStarted Initial cloud-init job (metadata service crawler).
[[0;32m  OK  [0m] Reached target Cloud-config availability.
[966]: ci-info: | enp0s8 | False |             .              |       .       |   .    | 08:00:27:a3:f0:de |
[[0;32m  OK  [0m] Reached target System Initialization.
[  119.371579] cloud-init[966]: ci-info: |   lo   |  True |         127.0.0.1          |   255.0.0.0   |  host  |         .         |[[0;32m  OK  [0m] Listening on D-Bus System Message Bus Socket.
[[0;32m  OK  [0m] Listening on ACPID Listen Socket.
[[0;32m  OK  [0m] Started Daily apt download activities.

[  119.547354] cloud-init[966]: ci-info: |   lo   |  True |          ::1/128           |       .       |  host  |         .         |
         Starting LXD - unix socket.
[  119.645987] [[0;32m  OK  [0m] Listening on UUID daemon activation socket.
cloud-init[966]: ci-info: +--------+-------+----------------------------+---------------+--------+-------------------+[[0;32m  OK  [0m] Started ACPI Events Check.
[[0;32m  OK  [0m] Reached target Paths.
[[0;32m  OK  [0m] Started Daily apt upgrade and clean activities.
         Starting Socket activation for snappy daemon.
[[0;32m  OK  [0m] Started Message of the Day.
[[0;32m  OK  [0m] Started Daily Cleanup of Temporary Directories.
[[0;32m  OK  [0m] Reached target Timers.
[[0;32m  OK  [0m] Reached target Network is Online.

         Starting iSCSI initiator daemon (iscsid)...
[[0;32m  OK  [0m] Listening on LXD - unix socket.
[[  119.998350] [0;32m  OK  [0m] Listening on Socket activation for snappy daemon.
[[0;32m  OK  [0m] Reached target Sockets.
[cloud-init[966]: [0;32m  OK  [0m] Reached target Basic System.
         Starting System Logging Service...
[ci-info: +++++++++++++++++++++++++++Route IPv4 info++++++++++++++++++++++++++++
[0;32m  OK  [0m] Started D-Bus System Message Bus.
[  120.149512] cloud-init[966]: ci-info: +-------+-------------+----------+---------------+-----------+-------+
[  120.357667] cloud-init[966]: ci-info: | Route | Destination | Gateway  |    Genmask    | Interface | Flags |
[  120.502763] cloud-init[966]: ci-info: +-------+-------------+----------+---------------+-----------+-------+
[  120.645186] cloud-init[966]: ci-info: |   0   |   0.0.0.0   | 10.0.2.2 |    0.0.0.0    |   enp0s3  |   UG  |
[  120.794548] cloud-init[966]: ci-info: |   1   |   10.0.2.0  | 0.0.0.0  | 255.255.255.0 |   enp0s3  |   U   |
[  120.925196] cloud-init[966]: ci-info: +-------+-------------+----------+---------------+-----------+-------+
[  121.026740] cloud-init[966]: ci-info: +++++++++++++++++++Route IPv6 info+++++++++++++++++++
[  121.103464] cloud-init[966]: ci-info: +-------+-------------+---------+-----------+-------+
[  121.191347] cloud-init[966]: ci-info: | Route | Destination | Gateway | Interface | Flags |
[  121.240136] cloud-init[966]: ci-info: +-------+-------------+---------+-----------+-------+
[  121.301358] cloud-init[966]: ci-info: |   0   |  fe80::/64  |    ::   |   enp0s3  |   U   |
[  121.362434] cloud-init[966]: ci-info: |   4   |   ff00::/8  |    ::   |   enp0s3  |   U   |
[  121.422528] cloud-init[966]: ci-info: +-------+-------------+---------+-----------+-------+
[  121.475285] cloud-init[966]: Generating public/private rsa key pair.
[  121.539113] cloud-init[966]: Your identification has been saved in /etc/ssh/ssh_host_rsa_key.
[  121.594438] cloud-init[966]: Your public key has been saved in /etc/ssh/ssh_host_rsa_key.pub.
[  121.673739] cloud-init[966]: The key fingerprint is:
[  121.681182] cloud-init[966]: SHA256:uxV1MjPGqq64GzkAWquo8TnWlJaw1FFUI2ehEK0vZp0 root@ubuntu-xenial
[[  121.681282] cloud-init[966]: The key's randomart image is:
[  121.698907] [0;32m  OK  [0m] cloud-initStarted FUSE filesystem for LXC.
[966]: +---[RSA 2048]----+
[  121.845760] cloud-init[966]: |    o=+.*.       |
[  121.849481] cloud-init[966]: |    ...= . .     |
[  121.849597] cloud-init[966]: |. .. o.     O .  |
[  121.849682] cloud-init[966]: |.oo.o      + *   |
[  121.850228] cloud-init[966]: |..oo = .S o      |
[  121.850357] cloud-init[966]: |....O.E  o .     |
[  121.850477] cloud-init[966]: |+  *+.  o .      |
[  121.850575] cloud-init[966]: |.oo..+ . o       |
[  121.850675] cloud-init[966]: |..o.+o..o        |
[[0;32m  OK  [0m] Started ACPI event daemon.
[  121.851038]          Starting LSB: Record successful boot for GRUB...
cloud-init         Starting Accounts Service...
[[0;32m  OK  [0m] Started Deferred execution scheduler.
[966]: +----[SHA256]-----+
[  122.287106] cloud-init[966]: Generating public/private dsa key pair.
[  122.297978] cloud-init[966]: Your identification has been saved in /etc/ssh/ssh_host_dsa_key.
[[  122.298714] cloud-init[966]: Your public key has been saved in /etc/ssh/ssh_host_dsa_key.pub.
[0;32m  OK  [0m] Started Regular background program processing daemon.
         [  122.333597] Starting /etc/rc.local Compatibility...
cloud-init[966]: The key fingerprint is:
         Starting Snappy daemon...
[  122.637657]          Starting LSB: MD monitoring daemon...
cloud-init[966]: SHA256:m9lgIcNjPcxykdCTsNe8ii9Bi7uHSUh2vKWf/JN5HcM root@ubuntu-xenial
[  122.779647] cloud-init[966]: The key's randomart image is:
[  122.780024] cloud-init[966]: +---[DSA 1024]----+
         [  122.780204] Starting Pollinate to seed the pseudo random number generator...
         Starting Login Service...
cloud-init         [966]: |      o+.o       |
[  122.926858] Starting Virtualbox guest utils...
         Starting LXD - container startup/shutdown...
[cloud-init[966]: |     . ==+       |
[0;32m  OK  [0m] Started System Logging Service.
[[0;32m  OK  [0m] Started /etc/rc.local Compatibility.
[  123.011122] cloud-init[966]: |   .  O O.o      |
[  123.263083] cloud-init[966]: |  o o.oB o .     |
[  123.296813] cloud-init[966]: | o o * .S ..     |
[  123.330040] cloud-init[966]: |  . = oo B  E    |
[[0;32m  OK  [0m] Started iSCSI initiator daemon (iscsid).
         Starting Login to default iSCSI targets...
[  123.396986] cloud-init[966]: |   . *.o=o.. o   |
[[0;32m  OK  [0m] Started Login Service.
[[0;32m  OK  [0m] Started Unattended Upgrades Shutdown.
[  123.661297] [[0;32m  OK  [0m] Started LSB: Record successful boot for GRUB.
cloud-init[966]: |    + *.+ . .    |[[0;32m  OK  [0m] Started LSB: MD monitoring daemon.

[  123.803529] cloud-init[966]: |    .o ooo       |
[  123.926620] cloud-init[966]: +----[SHA256]-----+[[0;32m  OK  [0m] Started Login to default iSCSI targets.
[[0;32m  OK  [0m] Reached target Remote File Systems (Pre).
[[0;32m  OK  [0m] Reached target Remote File Systems.

         Starting LSB: Set the CPU Frequency Scaling governor to "ondemand"...
[  124.282528]          Starting Permit User Sessions...
         Starting LSB: automatic crash report generation...
cloud-init[966]:          Starting LSB: daemon to balance interrupts for SMP systems...
Generating public/private ecdsa key pair.
[[0;32m  OK  [0m] Started Permit User Sessions.
         Starting Terminate Plymouth Boot Screen...
[  124.737274]          Starting Hold until boot process finishes up...
[[0;32m  OK  [0m] Started Terminate Plymouth Boot Screen.
cloud-init[966]: Your identification has been saved in /etc/ssh/ssh_host_ecdsa_key.         Starting Authenticate and Authorize Users to Run Privileged Tasks...
[[0;32m  OK  [0m] Started LSB: Set the CPU Frequency Scaling governor to "ondemand".
[[0;32m  OK  [0m] Started LSB: daemon to balance interrupts for SMP systems.

[[0;32m  OK  [0m] Started Hold until boot process finishes up.
[[0;32m  OK  [0m] Started Serial Getty on ttyS0.
         Starting Set console scheme...
[[0;32m  OK  [0m] Started Getty on tty1.
[  125.511997] [[0;32m  OK  [0mcloud-init[966]: Your public key has been saved in /etc/ssh/ssh_host_ecdsa_key.pub.
[  126.033705] cloud-init[966]: The key fingerprint is:
[  126.033883] cloud-init[966]: SHA256:4lUJ2cRYDnQj/0CtRMsrG0QroPVN+OGKnsQbNWFxNeo root@ubuntu-xenial
[  126.033982] cloud-init[966]: The key's randomart image is:
[  126.034072] cloud-init[966]: +---[ECDSA 256]---+
[  126.034173] cloud-init[966]: |    o .+OXX.     |
[  126.034302] cloud-init[966]: |   o o+=+%+=.    |
[  126.035726] cloud-init[966]: |  .  .o+=oO.     |
[  126.035874] cloud-init[966]: |      o+o..+     |
[  126.035971] cloud-init[966]: |   . o.oE . .    |
[  126.036060] cloud-init[966]: |    =..o +       |
[  126.164578] cloud-init[966]: |   o +. .        |
[  126.343961] cloud-init[966]: |    +            |
] [  126.428969] cloud-init[966]: |                 |
Reached target Login Prompts.[  126.432530] cloud-init
[966]: +----[SHA256]-----+
[  126.551690] cloud-init[966]: Generating public/private ed25519 key pair.
[  126.552162] cloud-init[966]: Your identification has been saved in /etc/ssh/ssh_host_ed25519_key.
[  126.552938] cloud-init[966]: Your public key has been saved in /etc/ssh/ssh_host_ed25519_key.pub.
[[0;32m  OK  [0m[  126.997303] cloud-init[966]: The key fingerprint is:
[  127.087003] cloud-init[966]: SHA256:tTpdEuzNEvEVyQpG93pGGxg6VopANaNtfqRUVO2x71I root@ubuntu-xenial
] Started LSB: automatic crash report generation.
[[0;32m  OK  [0m] Started Set console scheme.
[  127.087222] cloud-init[966]: The key's randomart image is:
[  127.352100] cloud-init[966]: +--[ED25519 256]--+
[  127.387874] cloud-init[966]: |     .o.+o=.=ooo |
[  127.477390] cloud-init[966]: |       + *oB ==  |
[[  127.593884] [0;32m  OK  [0m] Started Authenticate and Authorize Users to Run Privileged Tasks.
[[0;32m  OK  [0m] Started Accounts Service.
cloud-init[966]: |      . =.@.oo+o |
[  127.845356] cloud-init[966]: |       + * B.ooo |
[  127.921201] cloud-init[966]: |        S * = +. |
[[0;32m  OK  [0m] Started Virtualbox guest utils.
[  127.991146] cloud-init[966]: |         + + o  E|
[  128.157574] cloud-init[966]: |        o .    o |
[  128.310213] cloud-init[966]: |         .    . .|
[  128.427872] cloud-init[966]: |               . |
[  128.486757] cloud-init[966]: +----[SHA256]-----+

Ubuntu 16.04.6 LTS ubuntu-xenial ttyS0

ubuntu-xenial login: [  153.468827] cloud-init[1336]: Generating locales (this might take a while)...
[  157.628335] cloud-init[1336]:   en_US.UTF-8... done
[  157.648737] cloud-init[1336]: Generation complete.
[  161.158921] cloud-init[1336]: Cloud-init v. 19.4-33-gbb4131a2-0ubuntu1~16.04.1 running 'modules:config' at Thu, 18 Jun 2020 06:55:22 +0000. Up 152.79 seconds.
ci-info: no authorized SSH keys fingerprints found for user ubuntu.
<14>Jun 18 06:55:33 ec2: 
<14>Jun 18 06:55:33 ec2: #############################################################
<14>Jun 18 06:55:33 ec2: -----BEGIN SSH HOST KEY FINGERPRINTS-----
<14>Jun 18 06:55:33 ec2: 1024 SHA256:m9lgIcNjPcxykdCTsNe8ii9Bi7uHSUh2vKWf/JN5HcM root@ubuntu-xenial (DSA)
<14>Jun 18 06:55:33 ec2: 256 SHA256:4lUJ2cRYDnQj/0CtRMsrG0QroPVN+OGKnsQbNWFxNeo root@ubuntu-xenial (ECDSA)
<14>Jun 18 06:55:33 ec2: 256 SHA256:tTpdEuzNEvEVyQpG93pGGxg6VopANaNtfqRUVO2x71I root@ubuntu-xenial (ED25519)
<14>Jun 18 06:55:33 ec2: 2048 SHA256:uxV1MjPGqq64GzkAWquo8TnWlJaw1FFUI2ehEK0vZp0 root@ubuntu-xenial (RSA)
<14>Jun 18 06:55:33 ec2: -----END SSH HOST KEY FINGERPRINTS-----
<14>Jun 18 06:55:33 ec2: #############################################################
-----BEGIN SSH HOST KEY KEYS-----
ecdsa-sha2-nistp256 AAAAE2VjZHNhLXNoYTItbmlzdHAyNTYAAAAIbmlzdHAyNTYAAABBBB5VJhc38f1TFV2D2MNht2ogD/gkZyionAenBTXuH3PLGZmd+VRhO8hQlkd8fXCNGH5qRhZqqkYPJq8epaQKxdE= root@ubuntu-xenial
ssh-ed25519 AAAAC3NzaC1lZDI1NTE5AAAAIO3b1KDlit2x4H1Y/oSwiIW9hwurYClHY1A9d9q/Lq8D root@ubuntu-xenial
ssh-rsa AAAAB3NzaC1yc2EAAAADAQABAAABAQDo9HPjHXvc+J3fTrPXepQn9HQDLBHCouUN3nKGMvSoeh+dbfYXraRq2RVIaaXDKL331laHVKBCvPEmDYnzRtBoHHTa9dGHegn++HlmFX8HuevQa8R2s2A2VEfXTJ3GGJSfKafCPKVC+FUY2UNNJSgPkgLs32vPbvhLOgyPVu41WoTfmGIq/8Z1wIN+Gtt/ertEwqPCKb5uWIT0Yxsrjy/afqXcwQuNfUGcsY8rOzfUFuWR20Hy0yjjLR6ykimlocZaeeK0ZuqU8mah9XARtWqb+Pl6nxm21gADmiBM73JbH7dhTy9u1MuItfgaE69Mo7C41KVLLmZ4N4HuETzbRm7x root@ubuntu-xenial
-----END SSH HOST KEY KEYS-----
[  163.791375] cloud-init[1378]: Cloud-init v. 19.4-33-gbb4131a2-0ubuntu1~16.04.1 running 'modules:final' at Thu, 18 Jun 2020 06:55:32 +0000. Up 162.80 seconds.
[  163.792452] cloud-init[1378]: ci-info: no authorized SSH keys fingerprints found for user ubuntu.
[  163.826489] cloud-init[1378]: Cloud-init v. 19.4-33-gbb4131a2-0ubuntu1~16.04.1 finished at Thu, 18 Jun 2020 06:55:33 +0000. Datasource DataSourceNoCloud [seed=/dev/sdb][dsmode=net].  Up 163.59 seconds
